{
  "RSpec": {
    "coverage": {
      "/Users/chriswhitehouse/Projects/bank_tech_test/spec/account_spec.rb": {
        "lines": [
          null,
          null,
          1,
          1,
          null,
          1,
          6,
          4,
          3,
          2,
          null,
          1,
          1,
          4,
          null,
          null,
          null,
          1,
          1,
          4,
          null,
          null,
          null,
          1,
          1,
          1,
          1,
          1,
          null,
          null,
          null,
          null,
          1,
          1,
          1,
          1,
          1,
          1,
          null,
          null,
          null,
          null,
          null,
          1,
          1,
          1,
          1,
          1,
          1,
          1,
          1,
          null,
          null,
          null,
          null,
          null,
          null,
          null
        ]
      },
      "/Users/chriswhitehouse/Projects/bank_tech_test/lib/account.rb": {
        "lines": [
          null,
          null,
          null,
          1,
          1,
          null,
          1,
          6,
          6,
          null,
          null,
          1,
          8,
          8,
          null,
          null,
          1,
          3,
          3,
          null,
          null,
          1,
          4,
          null,
          null,
          1,
          null,
          1,
          8,
          null,
          null,
          null,
          1,
          3,
          null,
          null,
          null
        ]
      },
      "/Users/chriswhitehouse/Projects/bank_tech_test/spec/feature_spec.rb": {
        "lines": [
          null,
          null,
          1,
          null,
          1,
          2,
          2,
          2,
          2,
          null,
          1,
          1,
          1,
          1,
          1,
          1,
          1,
          1,
          null,
          null,
          null,
          null,
          null,
          null
        ]
      }
    },
    "timestamp": 1612799848
  }
}
