{
  "RSpec": {
    "coverage": {
      "/Users/chriswhitehouse/Projects/bank_tech_test/spec/feature/feature_spec.rb": {
        "lines": [
          null,
          null,
          1,
          1,
          1,
          null,
          1,
          2,
          2,
          2,
          2,
          null,
          1,
          1,
          null,
          1,
          null,
          null
        ]
      },
      "/Users/chriswhitehouse/Projects/bank_tech_test/spec/unit/account_spec.rb": {
        "lines": [
          null,
          null,
          1,
          1,
          1,
          1,
          null,
          1,
          6,
          6,
          6,
          2,
          2,
          2,
          null,
          1,
          1,
          4,
          null,
          null,
          1,
          2,
          null,
          null,
          null,
          1,
          1,
          4,
          null,
          null,
          1,
          2,
          null,
          null,
          null,
          1,
          1,
          1,
          1,
          null,
          null,
          null
        ]
      },
      "/Users/chriswhitehouse/Projects/bank_tech_test/lib/account.rb": {
        "lines": [
          null,
          null,
          null,
          1,
          1,
          null,
          1,
          6,
          6,
          6,
          null,
          null,
          1,
          6,
          5,
          5,
          null,
          null,
          1,
          4,
          3,
          3,
          null,
          null,
          1,
          2,
          null,
          null
        ]
      },
      "/Users/chriswhitehouse/Projects/bank_tech_test/spec/unit/statement_spec.rb": {
        "lines": [
          null,
          null,
          1,
          null,
          1,
          2,
          2,
          2,
          1,
          null,
          1,
          null,
          null,
          null,
          null,
          null,
          2,
          null,
          1,
          1,
          1,
          null,
          null,
          null
        ]
      },
      "/Users/chriswhitehouse/Projects/bank_tech_test/lib/statement.rb": {
        "lines": [
          null,
          null,
          null,
          1,
          1,
          null,
          1,
          2,
          6,
          null,
          null,
          2,
          null,
          null,
          1,
          null,
          1,
          4,
          null,
          null,
          null,
          null,
          null,
          1,
          2,
          null,
          null,
          null,
          null,
          null
        ]
      }
    },
    "timestamp": 1612806755
  }
}
